<?xml version="1.0" encoding="UTF-8"?>
<!-- Generated by org.testng.reporters.JUnitXMLReporter -->
<testsuite hostname="Mistres-MacBook-Pro.local" ignored="0" name="Test" tests="5" failures="0" timestamp="24 Jun 2020 14:13:19 GMT" time="2621.996" errors="0">
  <testcase name="@BeforeTest LoginTest" time="2621.955" classname="OrangeHrm.OrangeHrm.BaseClass">
    <failure type="org.openqa.selenium.WebDriverException" message="unknown error: failed to change window state to maximized, current state is normal
  (Session info: chrome=70.0.3538.77)
  (Driver info: chromedriver=2.43.600233 (523efee95e3d68b8719b3a1c83051aa63aa6b10d),platform=Linux 4.19.76-linuxkit x86_64) (WARNING: The server did not provide any stacktrace information)
Command duration or timeout: 0 milliseconds
Build info: version: &amp;apos;3.141.59&amp;apos;, revision: &amp;apos;e82be7d358&amp;apos;, time: &amp;apos;2018-11-14T08:17:03&amp;apos;
System info: host: &amp;apos;Mistres-MacBook-Pro.local&amp;apos;, ip: &amp;apos;2601:c0:a:e6f7:358b:151d:14f8:9c3%en0&amp;apos;, os.name: &amp;apos;Mac OS X&amp;apos;, os.arch: &amp;apos;x86_64&amp;apos;, os.version: &amp;apos;10.15.5&amp;apos;, java.version: &amp;apos;1.8.0_241&amp;apos;
Driver info: org.openqa.selenium.remote.RemoteWebDriver
Capabilities {acceptInsecureCerts: false, acceptSslCerts: false, applicationCacheEnabled: false, browserConnectionEnabled: false, browserName: chrome, chrome: {chromedriverVersion: 2.43.600233 (523efee95e3d68..., userDataDir: /tmp/.org.chromium.Chromium...}, cssSelectorsEnabled: true, databaseEnabled: false, goog:chromeOptions: {debuggerAddress: localhost:33029}, handlesAlerts: true, hasTouchScreen: false, javascriptEnabled: true, locationContextEnabled: true, mobileEmulationEnabled: false, nativeEvents: true, networkConnectionEnabled: false, pageLoadStrategy: normal, platform: LINUX, platformName: LINUX, rotatable: false, setWindowRect: true, takesHeapSnapshot: true, takesScreenshot: true, unexpectedAlertBehaviour: , unhandledPromptBehavior: , version: 70.0.3538.77, webStorageEnabled: true, webdriver.remote.sessionid: 4fec57b149888f9eb8b0e2b80c7...}
Session ID: 4fec57b149888f9eb8b0e2b80c7727c8">
      <![CDATA[org.openqa.selenium.WebDriverException: unknown error: failed to change window state to maximized, current state is normal
  (Session info: chrome=70.0.3538.77)
  (Driver info: chromedriver=2.43.600233 (523efee95e3d68b8719b3a1c83051aa63aa6b10d),platform=Linux 4.19.76-linuxkit x86_64) (WARNING: The server did not provide any stacktrace information)
Command duration or timeout: 0 milliseconds
Build info: version: '3.141.59', revision: 'e82be7d358', time: '2018-11-14T08:17:03'
System info: host: 'Mistres-MacBook-Pro.local', ip: '2601:c0:a:e6f7:358b:151d:14f8:9c3%en0', os.name: 'Mac OS X', os.arch: 'x86_64', os.version: '10.15.5', java.version: '1.8.0_241'
Driver info: org.openqa.selenium.remote.RemoteWebDriver
Capabilities {acceptInsecureCerts: false, acceptSslCerts: false, applicationCacheEnabled: false, browserConnectionEnabled: false, browserName: chrome, chrome: {chromedriverVersion: 2.43.600233 (523efee95e3d68..., userDataDir: /tmp/.org.chromium.Chromium...}, cssSelectorsEnabled: true, databaseEnabled: false, goog:chromeOptions: {debuggerAddress: localhost:33029}, handlesAlerts: true, hasTouchScreen: false, javascriptEnabled: true, locationContextEnabled: true, mobileEmulationEnabled: false, nativeEvents: true, networkConnectionEnabled: false, pageLoadStrategy: normal, platform: LINUX, platformName: LINUX, rotatable: false, setWindowRect: true, takesHeapSnapshot: true, takesScreenshot: true, unexpectedAlertBehaviour: , unhandledPromptBehavior: , version: 70.0.3538.77, webStorageEnabled: true, webdriver.remote.sessionid: 4fec57b149888f9eb8b0e2b80c7...}
Session ID: 4fec57b149888f9eb8b0e2b80c7727c8
at org.openqa.selenium.remote.ErrorHandler.createThrowable(ErrorHandler.java:214)
at org.openqa.selenium.remote.ErrorHandler.throwIfResponseFailed(ErrorHandler.java:166)
at org.openqa.selenium.remote.http.JsonHttpResponseCodec.reconstructValue(JsonHttpResponseCodec.java:40)
at org.openqa.selenium.remote.http.AbstractHttpResponseCodec.decode(AbstractHttpResponseCodec.java:80)
at org.openqa.selenium.remote.http.AbstractHttpResponseCodec.decode(AbstractHttpResponseCodec.java:44)
at org.openqa.selenium.remote.HttpCommandExecutor.execute(HttpCommandExecutor.java:158)
at org.openqa.selenium.remote.RemoteWebDriver.execute(RemoteWebDriver.java:552)
at org.openqa.selenium.remote.RemoteWebDriver.execute(RemoteWebDriver.java:609)
at org.openqa.selenium.remote.RemoteWebDriver$RemoteWebDriverOptions$RemoteWindow.maximize(RemoteWebDriver.java:837)
at OrangeHrm.OrangeHrm.BaseClass.LoginTest(BaseClass.java:52)
... Removed 28 stack frames]]>
    </failure>
  </testcase> <!-- @BeforeTest LoginTest -->
  <testcase name="login" time="0.0" classname="OrangeHrm.OrangeHrm.AddMemeberTset">
    <skipped/>
  </testcase> <!-- login -->
  <testcase name="adminlik" time="0.0" classname="OrangeHrm.OrangeHrm.AddMemeberTset">
    <skipped/>
  </testcase> <!-- adminlik -->
  <testcase name="AddEmployee" time="0.0" classname="OrangeHrm.OrangeHrm.AddMemeberTset">
    <skipped/>
  </testcase> <!-- AddEmployee -->
  <testcase name="logout" time="0.0" classname="OrangeHrm.OrangeHrm.AddMemeberTset">
    <skipped/>
  </testcase> <!-- logout -->
  <testcase name="LoginAsEmployee" time="0.0" classname="OrangeHrm.OrangeHrm.AddMemeberTset">
    <skipped/>
  </testcase> <!-- LoginAsEmployee -->
</testsuite> <!-- Test -->
